<?xml version="1.0" encoding="UTF-8"?>
<!-- Generated by org.testng.reporters.JUnitXMLReporter -->
<testsuite hostname="DESKTOP-FN2OEAE" ignored="0" name="Sanity Test2" tests="6" failures="0" timestamp="2020-04-25T22:10:07 EDT" time="0.023" errors="0">
  <testcase name="test1" time="0.001" classname="TestNGSessions.TestNGAnnotations"/>
  <testcase name="test2" time="0.001" classname="TestNGSessions.TestNGAnnotations"/>
  <testcase name="ctest" time="0.001" classname="TestNGSessions.priorityConcept"/>
  <testcase name="dtest" time="0.002" classname="TestNGSessions.priorityConcept"/>
  <testcase name="btest" time="0.002" classname="TestNGSessions.priorityConcept"/>
  <testcase name="atest" time="0.002" classname="TestNGSessions.priorityConcept"/>
</testsuite> <!-- Sanity Test2 -->
