<?xml version="1.0" encoding="UTF-8"?>
<!-- Generated by org.testng.reporters.JUnitXMLReporter -->
<testsuite hostname="DESKTOP-FN2OEAE" ignored="2" name="Sanity Test1" tests="2" failures="0" timestamp="2020-04-25T22:10:07 EDT" time="0.039" errors="0">
  <testcase name="header" time="0.005" classname="TestNGSessions.HomeTest"/>
  <testcase name="contact" time="0.001" classname="TestNGSessions.ContactTest"/>
  <testcase name="@AfterTest tearDown" time="0.0" classname="TestNGSessions.BaseTest">
    <ignored/>
  </testcase> <!-- @AfterTest tearDown -->
  <testcase name="@BeforeTest setup" time="0.0" classname="TestNGSessions.BaseTest">
    <ignored/>
  </testcase> <!-- @BeforeTest setup -->
</testsuite> <!-- Sanity Test1 -->
