<?xml version="1.0" encoding="UTF-8"?>
<!-- Generated by org.testng.reporters.JUnitXMLReporter -->
<testsuite hostname="DESKTOP-FN2OEAE" ignored="0" name="Default test" tests="8" failures="0" timestamp="2020-04-25T21:46:01 EDT" time="0.079" errors="0">
  <testcase name="invocationCountTest1" time="0.005" classname="TestNGSessions.TestNGInvocationCount"/>
  <testcase name="invocationCountTest1" time="0.009" classname="TestNGSessions.TestNGInvocationCount"/>
  <testcase name="invocationCountTest1" time="0.0" classname="TestNGSessions.TestNGInvocationCount"/>
  <testcase name="invocationCountTest2" time="0.005" classname="TestNGSessions.TestNGInvocationCount"/>
  <testcase name="invocationCountTest2" time="0.0" classname="TestNGSessions.TestNGInvocationCount"/>
  <testcase name="invocationCountTest2" time="0.0" classname="TestNGSessions.TestNGInvocationCount"/>
  <testcase name="invocationCountTest2" time="0.0" classname="TestNGSessions.TestNGInvocationCount"/>
  <testcase name="invocationCountTest2" time="0.0" classname="TestNGSessions.TestNGInvocationCount"/>
</testsuite> <!-- Default test -->
